#
# There is insufficient memory for the Java Runtime Environment to continue.
# Native memory allocation (mmap) failed to map 268435456 bytes for G1 virtual space
# Possible reasons:
#   The system is out of physical RAM or swap space
#   The process is running with CompressedOops enabled, and the Java Heap may be blocking the growth of the native heap
# Possible solutions:
#   Reduce memory load on the system
#   Increase physical memory or swap space
#   Check if swap backing store is full
#   Decrease Java heap size (-Xmx/-Xms)
#   Decrease number of Java threads
#   Decrease Java thread stack sizes (-Xss)
#   Set larger code cache with -XX:ReservedCodeCacheSize=
#   JVM is running with Zero Based Compressed Oops mode in which the Java heap is
#     placed in the first 32GB address space. The Java Heap base address is the
#     maximum limit for the native heap growth. Please use -XX:HeapBaseMinAddress
#     to set the Java Heap base and to place the Java Heap above 32GB virtual address.
# This output file may be truncated or incomplete.
#
#  Out of Memory Error (os_windows.cpp:3617), pid=30544, tid=13464
#
# JRE version:  (17.0.8+7) (build )
# Java VM: OpenJDK 64-Bit Server VM (17.0.8+7, mixed mode, sharing, tiered, compressed oops, compressed class ptrs, g1 gc, windows-amd64)
# No core dump will be written. Minidumps are not enabled by default on client versions of Windows
#

---------------  S U M M A R Y ------------

Command Line: -Dfile.encoding=UTF-8 --module-path=C:\Users\Karthika\Pictures\Saved Pictures\mysql-connector-j-8.2.0.jar -XX:+ShowCodeDetailsInExceptionMessages View.PlacementManagement

Host: Intel(R) Core(TM) i5-6300U CPU @ 2.40GHz, 4 cores, 15G,  Windows 11 , 64 bit Build 22621 (10.0.22621.2506)
Time: Mon Feb 19 11:03:32 2024 India Standard Time elapsed time: 0.027227 seconds (0d 0h 0m 0s)

---------------  T H R E A D  ---------------

Current thread (0x00000246b9503d10):  JavaThread "Unknown thread" [_thread_in_vm, id=13464, stack(0x0000004e88e00000,0x0000004e88f00000)]

Stack: [0x0000004e88e00000,0x0000004e88f00000]
Native frames: (J=compiled Java code, j=interpreted, Vv=VM code, C=native code)
V  [jvm.dll+0x678b0a]
V  [jvm.dll+0x835e84]
V  [jvm.dll+0x83762e]
V  [jvm.dll+0x837c93]
V  [jvm.dll+0x24746f]
V  [jvm.dll+0x675859]
V  [jvm.dll+0x66a0ea]
V  [jvm.dll+0x306c7b]
V  [jvm.dll+0x30e166]
V  [jvm.dll+0x35dd3e]
V  [jvm.dll+0x35df6f]
V  [jvm.dll+0x2ddb48]
V  [jvm.dll+0x2deab4]
V  [jvm.dll+0x807f31]
V  [jvm.dll+0x36bb21]
V  [jvm.dll+0x7e733c]
V  [jvm.dll+0x3ee4af]
V  [jvm.dll+0x3f00c1]
C  [jli.dll+0x528b]
C  [ucrtbase.dll+0x29363]
C  [KERNEL32.DLL+0x1257d]
C  [ntdll.dll+0x5aa58]


---------------  P R O C E S S  ---------------

Threads class SMR info:
_java_thread_list=0x00007fffc410a018, length=0, elements={
}

Java Threads: ( => current thread )

Other Threads:
  0x00000246b95734f0 GCTaskThread "GC Thread#0" [stack: 0x0000004e88f00000,0x0000004e89000000] [id=27984]
  0x00000246b9584a30 ConcurrentGCThread "G1 Main Marker" [stack: 0x0000004e89000000,0x0000004e89100000] [id=21920]
  0x00000246b9589450 ConcurrentGCThread "G1 Conc#0" [stack: 0x0000004e89100000,0x0000004e89200000] [id=11792]

[error occurred during error reporting (printing all threads), id 0xc0000005, EXCEPTION_ACCESS_VIOLATION (0xc0000005) at pc=0x00007fffc38de587]

VM state: not at safepoint (not fully initialized)

VM Mutex/Monitor currently owned by a thread:  ([mutex/lock_event])
[0x00000246b9500760] Heap_lock - owner thread: 0x00000246b9503d10

Heap address: 0x0000000701a00000, size: 4070 MB, Compressed Oops mode: Zero based, Oop shift amount: 3

CDS archive(s) mapped at: [0x0000000000000000-0x0000000000000000-0x0000000000000000), size 0, SharedBaseAddress: 0x0000000800000000, ArchiveRelocationMode: 1.
Narrow klass base: 0x0000000000000000, Narrow klass shift: 0, Narrow klass range: 0x0

GC Precious Log:
<Empty>

Heap:
 garbage-first heap   total 0K, used 0K [0x0000000701a00000, 0x0000000800000000)
  region size 2048K, 0 young (0K), 0 survivors (0K)

[error occurred during error reporting (printing heap information), id 0xc0000005, EXCEPTION_ACCESS_VIOLATION (0xc0000005) at pc=0x00007fffc3cc2699]

GC Heap History (0 events):
No events

Dll operation events (1 events):
Event: 0.018 Loaded shared library C:\Users\Karthika\.p2\pool\plugins\org.eclipse.justj.openjdk.hotspot.jre.full.win32.x86_64_17.0.8.v20230801-1951\jre\bin\java.dll

Deoptimization events (0 events):
No events

Classes unloaded (0 events):
No events

Classes redefined (0 events):
No events

Internal exceptions (0 events):
No events

VM Operations (0 events):
No events

Events (0 events):
No events


Dynamic libraries:
0x00007ff7246b0000 - 0x00007ff7246be000 	C:\Users\Karthika\.p2\pool\plugins\org.eclipse.justj.openjdk.hotspot.jre.full.win32.x86_64_17.0.8.v20230801-1951\jre\bin\javaw.exe
0x00007ff820270000 - 0x00007ff820487000 	C:\WINDOWS\SYSTEM32\ntdll.dll
0x00007ff81eb60000 - 0x00007ff81ec24000 	C:\WINDOWS\System32\KERNEL32.DLL
0x00007ff81d8f0000 - 0x00007ff81dc96000 	C:\WINDOWS\System32\KERNELBASE.dll
0x00007ff81dca0000 - 0x00007ff81ddb1000 	C:\WINDOWS\System32\ucrtbase.dll
0x00007ff812280000 - 0x00007ff812299000 	C:\Users\Karthika\.p2\pool\plugins\org.eclipse.justj.openjdk.hotspot.jre.full.win32.x86_64_17.0.8.v20230801-1951\jre\bin\VCRUNTIME140.dll
0x00007ff8122a0000 - 0x00007ff8122b7000 	C:\Users\Karthika\.p2\pool\plugins\org.eclipse.justj.openjdk.hotspot.jre.full.win32.x86_64_17.0.8.v20230801-1951\jre\bin\jli.dll
0x00007ff81fdc0000 - 0x00007ff81ff6e000 	C:\WINDOWS\System32\USER32.dll
0x00007ff81ddc0000 - 0x00007ff81dde6000 	C:\WINDOWS\System32\win32u.dll
0x00007ff81fcf0000 - 0x00007ff81fd19000 	C:\WINDOWS\System32\GDI32.dll
0x00007ff81d5e0000 - 0x00007ff81d6f8000 	C:\WINDOWS\System32\gdi32full.dll
0x00007ff808f20000 - 0x00007ff8091b3000 	C:\WINDOWS\WinSxS\amd64_microsoft.windows.common-controls_6595b64144ccf1df_6.0.22621.2506_none_270c5ae97388e100\COMCTL32.dll
0x00007ff81ddf0000 - 0x00007ff81de8a000 	C:\WINDOWS\System32\msvcp_win.dll
0x00007ff81e3d0000 - 0x00007ff81e477000 	C:\WINDOWS\System32\msvcrt.dll
0x00007ff81e8a0000 - 0x00007ff81e8d1000 	C:\WINDOWS\System32\IMM32.DLL
0x00007ff812270000 - 0x00007ff81227c000 	C:\Users\Karthika\.p2\pool\plugins\org.eclipse.justj.openjdk.hotspot.jre.full.win32.x86_64_17.0.8.v20230801-1951\jre\bin\vcruntime140_1.dll
0x00007ff807e10000 - 0x00007ff807ea1000 	C:\Users\Karthika\.p2\pool\plugins\org.eclipse.justj.openjdk.hotspot.jre.full.win32.x86_64_17.0.8.v20230801-1951\jre\bin\msvcp140.dll
0x00007fffc35f0000 - 0x00007fffc423c000 	C:\Users\Karthika\.p2\pool\plugins\org.eclipse.justj.openjdk.hotspot.jre.full.win32.x86_64_17.0.8.v20230801-1951\jre\bin\server\jvm.dll
0x00007ff81e730000 - 0x00007ff81e7e1000 	C:\WINDOWS\System32\ADVAPI32.dll
0x00007ff81e7f0000 - 0x00007ff81e895000 	C:\WINDOWS\System32\sechost.dll
0x00007ff81ea30000 - 0x00007ff81eb47000 	C:\WINDOWS\System32\RPCRT4.dll
0x00007ff81d4b0000 - 0x00007ff81d4fd000 	C:\WINDOWS\SYSTEM32\POWRPROF.dll
0x00007ff8066a0000 - 0x00007ff8066a9000 	C:\WINDOWS\SYSTEM32\WSOCK32.dll
0x00007ff8151a0000 - 0x00007ff8151d4000 	C:\WINDOWS\SYSTEM32\WINMM.dll
0x00007ff80deb0000 - 0x00007ff80deba000 	C:\WINDOWS\SYSTEM32\VERSION.dll
0x00007ff820060000 - 0x00007ff8200d1000 	C:\WINDOWS\System32\WS2_32.dll
0x00007ff81d490000 - 0x00007ff81d4a3000 	C:\WINDOWS\SYSTEM32\UMPDC.dll
0x00007ff81c5a0000 - 0x00007ff81c5b8000 	C:\WINDOWS\SYSTEM32\kernel.appcore.dll
0x00007ff8168d0000 - 0x00007ff8168da000 	C:\Users\Karthika\.p2\pool\plugins\org.eclipse.justj.openjdk.hotspot.jre.full.win32.x86_64_17.0.8.v20230801-1951\jre\bin\jimage.dll
0x00007ff81aeb0000 - 0x00007ff81b0e3000 	C:\WINDOWS\SYSTEM32\DBGHELP.DLL
0x00007ff81dfc0000 - 0x00007ff81e349000 	C:\WINDOWS\System32\combase.dll
0x00007ff81ff80000 - 0x00007ff820057000 	C:\WINDOWS\System32\OLEAUT32.dll
0x00007ff802cb0000 - 0x00007ff802ce2000 	C:\WINDOWS\SYSTEM32\dbgcore.DLL
0x00007ff81d700000 - 0x00007ff81d77a000 	C:\WINDOWS\System32\bcryptPrimitives.dll
0x00007ffff7070000 - 0x00007ffff7095000 	C:\Users\Karthika\.p2\pool\plugins\org.eclipse.justj.openjdk.hotspot.jre.full.win32.x86_64_17.0.8.v20230801-1951\jre\bin\java.dll

dbghelp: loaded successfully - version: 4.0.5 - missing functions: none
symbol engine: initialized successfully - sym options: 0x614 - pdb path: .;C:\Users\Karthika\.p2\pool\plugins\org.eclipse.justj.openjdk.hotspot.jre.full.win32.x86_64_17.0.8.v20230801-1951\jre\bin;C:\WINDOWS\SYSTEM32;C:\WINDOWS\WinSxS\amd64_microsoft.windows.common-controls_6595b64144ccf1df_6.0.22621.2506_none_270c5ae97388e100;C:\Users\Karthika\.p2\pool\plugins\org.eclipse.justj.openjdk.hotspot.jre.full.win32.x86_64_17.0.8.v20230801-1951\jre\bin\server

VM Arguments:
jvm_args: -Dfile.encoding=UTF-8 --module-path=C:\Users\Karthika\Pictures\Saved Pictures\mysql-connector-j-8.2.0.jar -XX:+ShowCodeDetailsInExceptionMessages 
java_command: View.PlacementManagement
java_class_path (initial): C:\Users\Karthika\eclipse-workspace\Placement_Management_System\bin
Launcher Type: SUN_STANDARD

[Global flags]
     intx CICompilerCount                          = 3                                         {product} {ergonomic}
     uint ConcGCThreads                            = 1                                         {product} {ergonomic}
     uint G1ConcRefinementThreads                  = 4                                         {product} {ergonomic}
   size_t G1HeapRegionSize                         = 2097152                                   {product} {ergonomic}
    uintx GCDrainStackTargetSize                   = 64                                        {product} {ergonomic}
   size_t InitialHeapSize                          = 268435456                                 {product} {ergonomic}
   size_t MarkStackSize                            = 4194304                                   {product} {ergonomic}
   size_t MaxHeapSize                              = 4267704320                                {product} {ergonomic}
   size_t MinHeapDeltaBytes                        = 2097152                                   {product} {ergonomic}
   size_t MinHeapSize                              = 8388608                                   {product} {ergonomic}
    uintx NonNMethodCodeHeapSize                   = 5832780                                {pd product} {ergonomic}
    uintx NonProfiledCodeHeapSize                  = 122912730                              {pd product} {ergonomic}
    uintx ProfiledCodeHeapSize                     = 122912730                              {pd product} {ergonomic}
    uintx ReservedCodeCacheSize                    = 251658240                              {pd product} {ergonomic}
     bool SegmentedCodeCache                       = true                                      {product} {ergonomic}
     bool ShowCodeDetailsInExceptionMessages       = true                                   {manageable} {command line}
   size_t SoftMaxHeapSize                          = 4267704320                             {manageable} {ergonomic}
     bool UseCompressedClassPointers               = true                           {product lp64_product} {ergonomic}
     bool UseCompressedOops                        = true                           {product lp64_product} {ergonomic}
     bool UseG1GC                                  = true                                      {product} {ergonomic}
     bool UseLargePagesIndividualAllocation        = false                                  {pd product} {ergonomic}

Logging:
Log output configuration:
 #0: stdout all=warning uptime,level,tags
 #1: stderr all=off uptime,level,tags

Environment Variables:
JAVA_HOME=C:\Users\Karthika\AppData\Local\Programs\Eclipse Adoptium\jdk-17.0.8.101-hotspot\
PATH=C:/Users/Karthika/.p2/pool/plugins/org.eclipse.justj.openjdk.hotspot.jre.full.win32.x86_64_17.0.8.v20230801-1951/jre/bin/server;C:/Users/Karthika/.p2/pool/plugins/org.eclipse.justj.openjdk.hotspot.jre.full.win32.x86_64_17.0.8.v20230801-1951/jre/bin;C:\WINDOWS\system32;C:\WINDOWS;C:\WINDOWS\System32\Wbem;C:\WINDOWS\System32\WindowsPowerShell\v1.0\;C:\WINDOWS\System32\OpenSSH\;C:\Program Files\dotnet\;C:\Program Files (x86)\Intel\Intel(R) Management Engine Components\DAL;C:\Program Files\Intel\Intel(R) Management Engine Components\DAL;C:\flutter\bin;C:\Program Files\Git\cmd;C:\Program Files\MySQL\MySQL Server 8.0\bin;C:\Program Files\nodejs\;C:\ProgramData\chocolatey\bin;C:\Program Files\MongoDB\mongosh-2.1.3-win32-x64\mongosh-2.1.3-win32-x64\bin;C:\Program Files\MySQL\MySQL Shell 8.0\bin\;C:\Users\Karthika\AppData\Local\Programs\Python\Python311\Scripts\;C:\Users\Karthika\AppData\Local\Programs\Python\Python311\;C:\Users\Karthika\AppData\Local\Programs\Eclipse Adoptium\jdk-17.0.8.101-hotspot\bin;C:\Users\Karthika\AppData\Local\Microsoft\WindowsApps;;C:\Users\Karthika\AppData\Local\Programs\Microsoft VS Code\bin;C:\Users\Karthika\AppData\Roaming\npm;C:\WINDOWS\System32;
USERNAME=Karthika
OS=Windows_NT
PROCESSOR_IDENTIFIER=Intel64 Family 6 Model 78 Stepping 3, GenuineIntel
TMP=C:\Users\Karthika\AppData\Local\Temp
TEMP=C:\Users\Karthika\AppData\Local\Temp



---------------  S Y S T E M  ---------------

OS:
 Windows 11 , 64 bit Build 22621 (10.0.22621.2506)
OS uptime: 38 days 21:23 hours
Hyper-V role detected

CPU: total 4 (initial active 4) (2 cores per cpu, 2 threads per core) family 6 model 78 stepping 3 microcode 0xf0, cx8, cmov, fxsr, ht, mmx, 3dnowpref, sse, sse2, sse3, ssse3, sse4.1, sse4.2, popcnt, lzcnt, tsc, tscinvbit, avx, avx2, aes, erms, clmul, bmi1, bmi2, rtm, adx, fma, vzeroupper, clflush, clflushopt, hv
Processor Information for processor 0
  Max Mhz: 2501, Current Mhz: 1500, Mhz Limit: 2501
Processor Information for processor 1
  Max Mhz: 2501, Current Mhz: 2501, Mhz Limit: 2501
Processor Information for processor 2
  Max Mhz: 2501, Current Mhz: 2501, Mhz Limit: 2501
Processor Information for processor 3
  Max Mhz: 2501, Current Mhz: 1500, Mhz Limit: 2501

Memory: 4k page, system-wide physical 16275M (7998M free)
TotalPageFile size 20275M (AvailPageFile size 100M)
current process WorkingSet (physical memory assigned to process): 11M, peak: 11M
current process commit charge ("private bytes"): 52M, peak: 308M

vm_info: OpenJDK 64-Bit Server VM (17.0.8+7) for windows-amd64 JRE (17.0.8+7), built on Jul 18 2023 21:02:32 by "admin" with MS VC++ 16.7 (VS2019)

END.
